2016/06/18 16:02:45 Common.go:11: error [Login selectOne failed sql: no rows in result set]
2016/06/18 16:02:45 logger.go:98: info [{"@timestamp":"2016-06-18T16:02:45+08:00","@version":1,"method":"POST","path":"/auth/login","status":200,"size":54,"duration":509.786474,"params":{"password":["teststtt"],"phone":["18689490100"]}}]
2016/06/18 16:03:07 Common.go:11: error [Login get user Error 1054: Unknown column 'name' in 'field list']
2016/06/18 16:04:06 Common.go:11: error [Login get user Error 1054: Unknown column 'name' in 'field list']
2016/06/18 16:04:43 Common.go:11: error [Login get user sql: Scan error on column index 7: converting driver.Value type []uint8 ("") to a int: invalid syntax]
2016/06/18 16:06:06 Common.go:11: error [Login get user sql: Scan error on column index 7: converting driver.Value type []uint8 ("") to a int: invalid syntax]
2016/06/18 16:06:52 logger.go:98: info [{"@timestamp":"2016-06-18T16:06:52+08:00","@version":1,"method":"POST","path":"/auth/login","status":200,"size":286,"duration":1408.5081539999999,"params":{"password":["123"],"phone":["18689490100"]}}]
2016/06/18 16:07:13 logger.go:98: info [{"@timestamp":"2016-06-18T16:07:13+08:00","@version":1,"method":"POST","path":"/auth/login","status":422,"size":83,"duration":2.746318,"params":{"phone":["18689490100"]}}]
2016/06/18 16:08:57 Common.go:11: error [Register selectOne failed sql: no rows in result set]
2016/06/18 16:08:58 logger.go:98: info [{"@timestamp":"2016-06-18T16:08:58+08:00","@version":1,"method":"POST","path":"/auth/register","status":200,"size":281,"duration":520.059873,"params":{"avatar":["http://www.baidu.com"],"gender":["1"],"invite":["Code"],"nickname":["sdjlfjsdlfjds"],"password":["dsflsdjf"],"phone":["18689490000"]}}]
2016/06/18 16:10:58 logger.go:98: info [{"@timestamp":"2016-06-18T16:10:58+08:00","@version":1,"method":"POST","path":"/oauth/login","status":422,"size":87,"duration":5.03899,"params":{"access_toke":["sdfjldsjflsdj"],"expires_in":["3000"],"openid":["cxjlsdjflsjfd"],"plat":["QQ"]}}]
2016/06/18 16:11:06 Common.go:11: error [LoginOAuth selectOne failed sql: no rows in result set]
2016/06/18 16:11:06 logger.go:98: info [{"@timestamp":"2016-06-18T16:11:06+08:00","@version":1,"method":"POST","path":"/oauth/login","status":200,"size":42,"duration":138.64589,"params":{"access_token":["sdfjldsjflsdj"],"expires_in":["3000"],"openid":["cxjlsdjflsjfd"],"plat":["QQ"]}}]
2016/06/18 16:12:27 logger.go:98: info [{"@timestamp":"2016-06-18T16:12:27+08:00","@version":1,"method":"POST","path":"/oauth/register","status":422,"size":81,"duration":7.373011000000001,"params":{"access_token":["sdfjldsjflsdj"],"avatar":["http://www.baidu.com"],"expires_in":["3000"],"gender":["0"],"nickname":["sdfljdslfjsdlfjsd"],"openid":["cxjlsdjflsjfd"],"plat":["QQ"]}}]
2016/06/18 16:12:41 logger.go:98: info [{"@timestamp":"2016-06-18T16:12:41+08:00","@version":1,"method":"POST","path":"/oauth/register","status":422,"size":81,"duration":10.617059,"params":{"access_token":["sdfjldsjflsdj"],"avatar":["http://www.baidu.com"],"expires_in":["3000"],"gender":["0"],"nickname":["sdfljdslfjsdlfjsd"],"openid":["cxjlsdjflsjfd"],"plat":["QQ"]}}]
2016/06/18 16:12:58 Common.go:11: error [RegisterOAuth selectOne failed sql: no rows in result set]
2016/06/18 16:12:58 logger.go:98: info [{"@timestamp":"2016-06-18T16:12:58+08:00","@version":1,"method":"POST","path":"/oauth/register","status":200,"size":274,"duration":518.509938,"params":{"access_token":["sdfjldsjflsdj"],"avatar":["http://www.baidu.com"],"expires_in":["3000"],"gender":["1"],"nickname":["sdfljdslfjsdlfjsd"],"openid":["cxjlsdjflsjfd"],"plat":["QQ"]}}]
2016/06/18 16:13:15 logger.go:98: info [{"@timestamp":"2016-06-18T16:13:15+08:00","@version":1,"method":"POST","path":"/oauth/register","status":422,"size":81,"duration":6.894233000000001,"params":{"access_token":["sdfjldsjflsdj"],"avatar":["http://www.baidu.com"],"expires_in":["3000"],"gender":["0"],"nickname":["sdfljdslfjsdlfjsd"],"openid":["cxjlsdjflsjfd"],"plat":["QQ"]}}]
2016/06/18 16:16:47 AuthController.go:15: info [LoginOAuth....]
2016/06/18 16:20:00 AuthController.go:15: info [LoginOAuth....]
2016/06/18 16:20:00 Common.go:11: error [LoginOAuth select user  gorp: multiple rows returned for: select * from t_user where uid=? - []]
2016/06/18 16:20:00 logger.go:98: info [{"@timestamp":"2016-06-18T16:20:00+08:00","@version":1,"method":"POST","path":"/oauth/login","status":200,"size":60,"duration":688.3724100000001,"params":{"access_token":["sdfjldsjflsdj"],"expires_in":["3000"],"openid":["cxjlsdjflsjfd"],"plat":["QQ"]}}]
2016/06/18 16:23:22 Common.go:11: error [RegisterOAuth selectOne failed sql: no rows in result set]
2016/06/18 16:23:22 logger.go:98: info [{"@timestamp":"2016-06-18T16:23:22+08:00","@version":1,"method":"POST","path":"/oauth/register","status":200,"size":283,"duration":1364.85984,"params":{"access_token":["sdfjldsjflsdj"],"avatar":["http://www.baidu.com"],"expires_in":["3000"],"gender":["0"],"nickname":["sdfljdslfjsdlfjsd"],"openid":["cxjlsdjflsjfd"],"plat":["QQ"]}}]
2016/06/18 16:24:18 AuthController.go:15: info [LoginOAuth....]
2016/06/18 16:24:18 logger.go:98: info [{"@timestamp":"2016-06-18T16:24:18+08:00","@version":1,"method":"POST","path":"/oauth/login","status":200,"size":292,"duration":396.269646,"params":{"access_token":["sdfjldsjflsdj"],"expires_in":["3000"],"openid":["cxjlsdjflsjfd"],"plat":["QQ"]}}]
2016/06/18 16:27:01 logger.go:98: info [{"@timestamp":"2016-06-18T16:27:01+08:00","@version":1,"method":"POST","path":"/common/inviteCode","status":200,"size":42,"duration":8.254649}]
2016/06/18 16:28:19 logger.go:98: info [{"@timestamp":"2016-06-18T16:28:19+08:00","@version":1,"method":"POST","path":"/auth/logout","status":0,"size":0,"duration":4.66736}]
2016/06/18 16:28:52 logger.go:98: info [{"@timestamp":"2016-06-18T16:28:52+08:00","@version":1,"method":"POST","path":"/auth/logout","status":200,"size":42,"duration":2.599647}]
2016/06/18 16:30:53 Common.go:11: error [GetUser selectOne failed sql: no rows in result set]
2016/06/18 16:30:53 logger.go:98: info [{"@timestamp":"2016-06-18T16:30:53+08:00","@version":1,"method":"POST","path":"/account/info","status":200,"size":57,"duration":432.166801,"params":{"uid":["cxcxcvxcv"]}}]
2016/06/18 16:31:37 logger.go:98: info [{"@timestamp":"2016-06-18T16:31:37+08:00","@version":1,"method":"POST","path":"/account/info","status":200,"size":254,"duration":142.54508700000002,"params":{"uid":["dsfdslfjsdlfj"]}}]
2016/06/18 16:32:44 logger.go:98: info [{"@timestamp":"2016-06-18T16:32:44+08:00","@version":1,"method":"PUT","path":"/account/info","status":404,"size":36,"duration":4.892933}]
2016/06/18 16:33:16 logger.go:98: info [{"@timestamp":"2016-06-18T16:33:16+08:00","@version":1,"method":"PUT","path":"/account/name","status":200,"size":48,"duration":144.89307200000002,"params":{"nickname":["test"],"uid":["dsfdslfjsdlfj"]}}]
2016/06/18 16:33:41 Common.go:11: error [Update phone get failed Error 1054: Unknown column 'phone' in 'field list']
2016/06/18 16:33:41 logger.go:98: info [{"@timestamp":"2016-06-18T16:33:41+08:00","@version":1,"method":"PUT","path":"/account/phone","status":200,"size":69,"duration":68.961728,"params":{"nickname":["1111111111"],"uid":["dsfdslfjsdlfj"]}}]
2016/06/18 16:34:45 logger.go:98: info [{"@timestamp":"2016-06-18T16:34:45+08:00","@version":1,"method":"PUT","path":"/account/name","status":200,"size":48,"duration":139.604532,"params":{"nickname":["1111111111"],"uid":["dsfdslfjsdlfj"]}}]
2016/06/18 16:35:05 logger.go:98: info [{"@timestamp":"2016-06-18T16:35:05+08:00","@version":1,"method":"PUT","path":"/account/name","status":200,"size":48,"duration":506.310316,"params":{"nickname":["test"],"uid":["dsfdslfjsdlfj"]}}]
2016/06/18 16:35:06 logger.go:98: info [{"@timestamp":"2016-06-18T16:35:06+08:00","@version":1,"method":"PUT","path":"/account/name","status":200,"size":48,"duration":399.771515,"params":{"nickname":["test"],"uid":["dsfdslfjsdlfj"]}}]
2016/06/18 16:37:21 logger.go:98: info [{"@timestamp":"2016-06-18T16:37:21+08:00","@version":1,"method":"PUT","path":"/account/name","status":200,"size":48,"duration":436.292319,"params":{"phone":["1111111111"],"uid":["dsfdslfjsdlfj"]}}]
2016/06/18 16:37:44 logger.go:98: info [{"@timestamp":"2016-06-18T16:37:44+08:00","@version":1,"method":"PUT","path":"/account/phone","status":200,"size":48,"duration":498.408767,"params":{"phone":["1111111111"],"uid":["dsfdslfjsdlfj"]}}]
2016/06/18 16:38:14 logger.go:98: info [{"@timestamp":"2016-06-18T16:38:14+08:00","@version":1,"method":"PUT","path":"/account/name","status":200,"size":48,"duration":138.34622700000003,"params":{"nickname":["test"],"uid":["dsfdslfjsdlfj"]}}]
2016/06/18 16:46:19 logger.go:98: info [{"@timestamp":"2016-06-18T16:46:19+08:00","@version":1,"method":"PUT","path":"/user/getUserInfo/dsfdslfjsdlfj","status":404,"size":36,"duration":6.208797000000001}]
2016/06/18 16:47:35 logger.go:98: info [{"@timestamp":"2016-06-18T16:47:35+08:00","@version":1,"method":"PUT","path":"/user/info/dsfdslfjsdlfj","status":404,"size":36,"duration":2.575069}]
2016/06/18 16:48:06 Common.go:11: error [GetUser selectOne failed sql: no rows in result set]
2016/06/18 16:48:06 logger.go:98: info [{"@timestamp":"2016-06-18T16:48:06+08:00","@version":1,"method":"GET","path":"/user/info/dsfdslfjsdlfj","status":200,"size":57,"duration":438.16783200000003}]
2016/06/18 16:48:49 logger.go:98: info [{"@timestamp":"2016-06-18T16:48:49+08:00","@version":1,"method":"GET","path":"/user/info/dsfdslfjsdlfj","status":200,"size":272,"duration":421.077437}]
2016/06/18 16:49:28 logger.go:98: info [{"@timestamp":"2016-06-18T16:49:28+08:00","@version":1,"method":"GET","path":"/activity/list","status":200,"size":1914,"duration":80.791657}]
2016/06/18 16:50:05 logger.go:98: info [{"@timestamp":"2016-06-18T16:50:05+08:00","@version":1,"method":"GET","path":"/activity/list/more","status":200,"size":1914,"duration":70.523598}]
2016/06/18 16:52:17 logger.go:98: info [{"@timestamp":"2016-06-18T16:52:17+08:00","@version":1,"method":"GET","path":"/activity/list","status":200,"size":1938,"duration":73.811327}]
2016/06/18 16:52:35 logger.go:98: info [{"@timestamp":"2016-06-18T16:52:35+08:00","@version":1,"method":"GET","path":"/activity/list/sdlfjsdl","status":404,"size":36,"duration":3.5498700000000003}]
2016/06/18 16:52:45 Common.go:11: error [GetActivity select failed sql: no rows in result set]
2016/06/18 16:52:45 logger.go:98: info [{"@timestamp":"2016-06-18T16:52:45+08:00","@version":1,"method":"GET","path":"/activity/detail/sdlfjsdl","status":200,"size":48,"duration":136.53005000000002}]
2016/06/18 16:54:10 logger.go:98: info [{"@timestamp":"2016-06-18T16:54:10+08:00","@version":1,"method":"GET","path":"/activity/detail/sdlfjsdl","status":200,"size":512,"duration":428.60247400000003}]
2016/06/18 16:57:05 logger.go:98: info [{"@timestamp":"2016-06-18T16:57:05+08:00","@version":1,"method":"POST","path":"/activity/appointment/","status":404,"size":36,"duration":7.21032}]
2016/06/18 16:59:18 logger.go:98: info [{"@timestamp":"2016-06-18T16:59:18+08:00","@version":1,"method":"POST","path":"/activity/appointment/","status":404,"size":36,"duration":5.134746}]
2016/06/18 16:59:27 logger.go:98: info [{"@timestamp":"2016-06-18T16:59:27+08:00","@version":1,"method":"POST","path":"/activity/appointment","status":404,"size":36,"duration":2.646109}]
2016/06/18 17:00:05 logger.go:98: info [{"@timestamp":"2016-06-18T17:00:05+08:00","@version":1,"method":"POST","path":"/activity/appointment","status":200,"size":42,"duration":443.09143300000005,"params":{"aid":["3cxfdsf"],"uid":["dsfdslfjsdlfj"]}}]
2016/06/18 17:01:11 Common.go:11: error [PayActivity insert failed Error 1054: Unknown column 'type' in 'field list']
2016/06/18 17:01:11 logger.go:98: info [{"@timestamp":"2016-06-18T17:01:11+08:00","@version":1,"method":"POST","path":"/activity/play","status":200,"size":45,"duration":361.742995,"params":{"aid":["3cxfdsf"],"uid":["dsfdslfjsdlfj"]}}]
2016/06/18 17:01:50 Common.go:11: error [PayActivity insert failed Error 1054: Unknown column 'type' in 'field list']
2016/06/18 17:01:50 logger.go:98: info [{"@timestamp":"2016-06-18T17:01:50+08:00","@version":1,"method":"POST","path":"/activity/play","status":200,"size":32,"duration":361.08328900000004,"params":{"aid":["3cxfdsf"],"uid":["dsfdslfjsdlfj"]}}]
